#
# A fatal error has been detected by the Java Runtime Environment:
#
#  SIGSEGV (0xb) at pc=0x0000000000000000, pid=46280, tid=65031
#
# JRE version: Java(TM) SE Runtime Environment (7.0_79-b15) (build 1.7.0_79-b15)
# Java VM: Java HotSpot(TM) 64-Bit Server VM (24.79-b02 mixed mode bsd-amd64 compressed oops)
# Problematic frame:
# C  0x0000000000000000
#
# Failed to write core dump. Core dumps have been disabled. To enable core dumping, try "ulimit -c unlimited" before starting Java again
#
# If you would like to submit a bug report, please visit:
#   http://bugreport.java.com/bugreport/crash.jsp
#

---------------  T H R E A D  ---------------

Current thread is native thread

siginfo:si_signo=SIGSEGV: si_errno=0, si_code=1 (SEGV_MAPERR), si_addr=0x0000000000000000

Registers:
RAX=0x000000011579a508, RBX=0x00000000000161b0, RCX=0x0000000000000010, RDX=0xfffffffffffffff0
RSP=0x0000700010c979d8, RBP=0x0000700010c97a80, RSI=0x0000000000000000, RDI=0x00007f84c6958800
R8 =0x0000000000000200, R9 =0x00007f84c5e2b690, R10=0x00007f84c6131e28, R11=0x0000000000002550
R12=0x0000000000000200, R13=0x00007f84c6958800, R14=0x00007f84c5e29140, R15=0x0000000000000800
RIP=0x0000000000000000, EFLAGS=0x0000000000010246, ERR=0x0000000000000014
  TRAPNO=0x000000000000000e

Top of Stack: (sp=0x0000700010c979d8)
0x0000700010c979d8:   000000011576c639 0000000108364000
0x0000700010c979e8:   0000000000000001 00007f84c69609b0
0x0000700010c979f8:   00000001159cb010 00007f84c695e9b0
0x0000700010c97a08:   00000200a7a3e522 0000000000000000
0x0000700010c97a18:   0000000000000800 0000000000000200
0x0000700010c97a28:   00007f84c695c9b0 00007f84c6958800
0x0000700010c97a38:   0000020000000000 0000000000000003
0x0000700010c97a48:   000000000000037f 41ba7d08444d0091
0x0000700010c97a58:   00007f84c5d822e0 0000000000000200
0x0000700010c97a68:   00007f84c5d825e8 00007f84c5e29140
0x0000700010c97a78:   00007f84c5e2b690 0000700010c97a90
0x0000700010c97a88:   000000011577c2ef 0000700010c97b10
0x0000700010c97a98:   00000001157c2559 0000000108364000
0x0000700010c97aa8:   00007f84c5d82358 00007f84c6131c00
0x0000700010c97ab8:   00007f84c6131df8 00007f84c5d822e0
0x0000700010c97ac8:   0000000000000001 0000700010c97c48
0x0000700010c97ad8:   0000700010c97c28 0000020000000000
0x0000700010c97ae8:   0000700010c97c28 00007f84c6131c00
0x0000700010c97af8:   00007f84c5d82570 00007f84c5c77fc0
0x0000700010c97b08:   0000000000000200 0000700010c97b60
0x0000700010c97b18:   00000001158d2064 0000700010c97c00
0x0000700010c97b28:   0000700010c97c48 0000000010c97b50
0x0000700010c97b38:   0000000000000000 00007f84c6131c00
0x0000700010c97b48:   0000000000000000 0000000000000200
0x0000700010c97b58:   00007f84c5c77fc0 0000700010c97bd0
0x0000700010c97b68:   00000001158d1d64 00007f84c5c77fc0
0x0000700010c97b78:   00007f84c5d82570 0000700010c97c28
0x0000700010c97b88:   00007f84c5c77fc0 00001fa0ac4dca2e
0x0000700010c97b98:   0000700010c97c48 00009fe000000000
0x0000700010c97ba8:   00007f84c6131c00 00007f84c5c77fe0
0x0000700010c97bb8:   00007f84c5c77fc0 0000000000000200
0x0000700010c97bc8:   0000000000000200 0000700010c97cc0 

Instructions: (pc=0x0000000000000000)
0xffffffffffffffe0:   

Register to memory mapping:

RAX=0x000000011579a508: PlaybackBackend+0x20 in /var/folders/zr/q2m507rx0gz8gq5rtwqhbzb40000gn/T/libgdxMatias/75260a42/openal.dylib at 0x0000000115751000
RBX=0x00000000000161b0 is an unknown value
RCX=0x0000000000000010 is an unknown value
RDX=0xfffffffffffffff0 is an unknown value
RSP=0x0000700010c979d8 is an unknown value
RBP=0x0000700010c97a80 is an unknown value
RSI=0x0000000000000000 is an unknown value
RDI=0x00007f84c6958800 is an unknown value
R8 =0x0000000000000200 is an unknown value
R9 =0x00007f84c5e2b690 is an unknown value
R10=0x00007f84c6131e28 is an unknown value
R11=0x0000000000002550 is an unknown value
R12=0x0000000000000200 is an unknown value
R13=0x00007f84c6958800 is an unknown value
R14=0x00007f84c5e29140 is an unknown value
R15=0x0000000000000800 is an unknown value


Stack: [0x0000700010c18000,0x0000700010c98000],  sp=0x0000700010c979d8,  free space=510k

---------------  P R O C E S S  ---------------

VM state:at safepoint (shutting down)

VM Mutex/Monitor currently owned by a thread:  ([mutex/lock_event])
[0x00007f84c5c02cd0] Threads_lock - owner thread: 0x00007f84c702b000

Heap
 PSYoungGen      total 19456K, used 14108K [0x00000007eaa80000, 0x00000007f6000000, 0x0000000800000000)
  eden space 18944K, 74% used [0x00000007eaa80000,0x00000007eb83f038,0x00000007ebd00000)
  from space 512K, 6% used [0x00000007f5f00000,0x00000007f5f08000,0x00000007f5f80000)
  to   space 512K, 0% used [0x00000007f5f80000,0x00000007f5f80000,0x00000007f6000000)
 ParOldGen       total 43520K, used 37141K [0x00000007c0000000, 0x00000007c2a80000, 0x00000007eaa80000)
  object space 43520K, 85% used [0x00000007c0000000,0x00000007c24456f0,0x00000007c2a80000)
 PSPermGen       total 21504K, used 8170K [0x00000007bae00000, 0x00000007bc300000, 0x00000007c0000000)
  object space 21504K, 37% used [0x00000007bae00000,0x00000007bb5fab50,0x00000007bc300000)

Card table byte_map: [0x000000010c753000,0x000000010c97d000] byte_map_base: 0x000000010897c000

Polling page: 0x00000001083d2000

Code Cache  [0x0000000109693000, 0x0000000109903000, 0x000000010c693000)
 total_blobs=802 nmethods=430 adapters=326 free_code_cache=47503Kb largest_free_block=48606976

Compilation events (10 events):
Event: 2173.446 Thread 0x00007f84c7003800  444   !         com.sturdyhelmetgames.roomforchange.entity.Entity::fetchCollidableRects (746 bytes)
Event: 2173.489 Thread 0x00007f84c7003800 nmethod 444 0x0000000109831150 code [0x0000000109831460, 0x00000001098326b8]
Event: 2191.850 Thread 0x00007f84c7049000  445             com.sturdyhelmetgames.roomforchange.entity.Entity::isAlive (25 bytes)
Event: 2191.852 Thread 0x00007f84c7049000 nmethod 445 0x000000010981df10 code [0x000000010981e060, 0x000000010981e0f8]
Event: 2200.376 Thread 0x00007f84c7003800  446             com.sturdyhelmetgames.roomforchange.entity.Player::render (499 bytes)
Event: 2200.446 Thread 0x00007f84c7003800 nmethod 446 0x0000000109834050 code [0x0000000109834480, 0x0000000109836268]
Event: 2209.721 Thread 0x00007f84c7049000  447             java.lang.StrictMath::floor (12 bytes)
Event: 2209.722 Thread 0x00007f84c7049000 nmethod 447 0x0000000109816dd0 code [0x0000000109816f40, 0x0000000109817018]
Event: 2230.032 Thread 0x00007f84c7003800  448             com.sturdyhelmetgames.roomforchange.entity.Entity::tryMove (337 bytes)
Event: 2230.053 Thread 0x00007f84c7003800 nmethod 448 0x000000010982d050 code [0x000000010982d280, 0x000000010982daa8]

GC Heap History (10 events):
Event: 2640.999 GC heap before
{Heap before GC invocations=363 (full 0):
 PSYoungGen      total 19456K, used 18976K [0x00000007eaa80000, 0x00000007f6000000, 0x0000000800000000)
  eden space 18944K, 100% used [0x00000007eaa80000,0x00000007ebd00000,0x00000007ebd00000)
  from space 512K, 6% used [0x00000007f5f80000,0x00000007f5f88000,0x00000007f6000000)
  to   space 512K, 0% used [0x00000007f5f00000,0x00000007f5f00000,0x00000007f5f80000)
 ParOldGen       total 43520K, used 37141K [0x00000007c0000000, 0x00000007c2a80000, 0x00000007eaa80000)
  object space 43520K, 85% used [0x00000007c0000000,0x00000007c24456f0,0x00000007c2a80000)
 PSPermGen       total 21504K, used 8162K [0x00000007bae00000, 0x00000007bc300000, 0x00000007c0000000)
  object space 21504K, 37% used [0x00000007bae00000,0x00000007bb5f8ae0,0x00000007bc300000)
Event: 2641.000 GC heap after
Heap after GC invocations=363 (full 0):
 PSYoungGen      total 19456K, used 32K [0x00000007eaa80000, 0x00000007f6000000, 0x0000000800000000)
  eden space 18944K, 0% used [0x00000007eaa80000,0x00000007eaa80000,0x00000007ebd00000)
  from space 512K, 6% used [0x00000007f5f00000,0x00000007f5f08000,0x00000007f5f80000)
  to   space 512K, 0% used [0x00000007f5f80000,0x00000007f5f80000,0x00000007f6000000)
 ParOldGen       total 43520K, used 37141K [0x00000007c0000000, 0x00000007c2a80000, 0x00000007eaa80000)
  object space 43520K, 85% used [0x00000007c0000000,0x00000007c24456f0,0x00000007c2a80000)
 PSPermGen       total 21504K, used 8162K [0x00000007bae00000, 0x00000007bc300000, 0x00000007c0000000)
  object space 21504K, 37% used [0x00000007bae00000,0x00000007bb5f8ae0,0x00000007bc300000)
}
Event: 2647.704 GC heap before
{Heap before GC invocations=364 (full 0):
 PSYoungGen      total 19456K, used 18976K [0x00000007eaa80000, 0x00000007f6000000, 0x0000000800000000)
  eden space 18944K, 100% used [0x00000007eaa80000,0x00000007ebd00000,0x00000007ebd00000)
  from space 512K, 6% used [0x00000007f5f00000,0x00000007f5f08000,0x00000007f5f80000)
  to   space 512K, 0% used [0x00000007f5f80000,0x00000007f5f80000,0x00000007f6000000)
 ParOldGen       total 43520K, used 37141K [0x00000007c0000000, 0x00000007c2a80000, 0x00000007eaa80000)
  object space 43520K, 85% used [0x00000007c0000000,0x00000007c24456f0,0x00000007c2a80000)
 PSPermGen       total 21504K, used 8162K [0x00000007bae00000, 0x00000007bc300000, 0x00000007c0000000)
  object space 21504K, 37% used [0x00000007bae00000,0x00000007bb5f8ae0,0x00000007bc300000)
Event: 2647.705 GC heap after
Heap after GC invocations=364 (full 0):
 PSYoungGen      total 19456K, used 32K [0x00000007eaa80000, 0x00000007f6000000, 0x0000000800000000)
  eden space 18944K, 0% used [0x00000007eaa80000,0x00000007eaa80000,0x00000007ebd00000)
  from space 512K, 6% used [0x00000007f5f80000,0x00000007f5f88000,0x00000007f6000000)
  to   space 512K, 0% used [0x00000007f5f00000,0x00000007f5f00000,0x00000007f5f80000)
 ParOldGen       total 43520K, used 37141K [0x00000007c0000000, 0x00000007c2a80000, 0x00000007eaa80000)
  object space 43520K, 85% used [0x00000007c0000000,0x00000007c24456f0,0x00000007c2a80000)
 PSPermGen       total 21504K, used 8162K [0x00000007bae00000, 0x00000007bc300000, 0x00000007c0000000)
  object space 21504K, 37% used [0x00000007bae00000,0x00000007bb5f8ae0,0x00000007bc300000)
}
Event: 2654.410 GC heap before
{Heap before GC invocations=365 (full 0):
 PSYoungGen      total 19456K, used 18976K [0x00000007eaa80000, 0x00000007f6000000, 0x0000000800000000)
  eden space 18944K, 100% used [0x00000007eaa80000,0x00000007ebd00000,0x00000007ebd00000)
  from space 512K, 6% used [0x00000007f5f80000,0x00000007f5f88000,0x00000007f6000000)
  to   space 512K, 0% used [0x00000007f5f00000,0x00000007f5f00000,0x00000007f5f80000)
 ParOldGen       total 43520K, used 37141K [0x00000007c0000000, 0x00000007c2a80000, 0x00000007eaa80000)
  object space 43520K, 85% used [0x00000007c0000000,0x00000007c24456f0,0x00000007c2a80000)
 PSPermGen       total 21504K, used 8162K [0x00000007bae00000, 0x00000007bc300000, 0x00000007c0000000)
  object space 21504K, 37% used [0x00000007bae00000,0x00000007bb5f8ae0,0x00000007bc300000)
Event: 2654.411 GC heap after
Heap after GC invocations=365 (full 0):
 PSYoungGen      total 19456K, used 32K [0x00000007eaa80000, 0x00000007f6000000, 0x0000000800000000)
  eden space 18944K, 0% used [0x00000007eaa80000,0x00000007eaa80000,0x00000007ebd00000)
  from space 512K, 6% used [0x00000007f5f00000,0x00000007f5f08000,0x00000007f5f80000)
  to   space 512K, 0% used [0x00000007f5f80000,0x00000007f5f80000,0x00000007f6000000)
 ParOldGen       total 43520K, used 37141K [0x00000007c0000000, 0x00000007c2a80000, 0x00000007eaa80000)
  object space 43520K, 85% used [0x00000007c0000000,0x00000007c24456f0,0x00000007c2a80000)
 PSPermGen       total 21504K, used 8162K [0x00000007bae00000, 0x00000007bc300000, 0x00000007c0000000)
  object space 21504K, 37% used [0x00000007bae00000,0x00000007bb5f8ae0,0x00000007bc300000)
}
Event: 2661.130 GC heap before
{Heap before GC invocations=366 (full 0):
 PSYoungGen      total 19456K, used 18976K [0x00000007eaa80000, 0x00000007f6000000, 0x0000000800000000)
  eden space 18944K, 100% used [0x00000007eaa80000,0x00000007ebd00000,0x00000007ebd00000)
  from space 512K, 6% used [0x00000007f5f00000,0x00000007f5f08000,0x00000007f5f80000)
  to   space 512K, 0% used [0x00000007f5f80000,0x00000007f5f80000,0x00000007f6000000)
 ParOldGen       total 43520K, used 37141K [0x00000007c0000000, 0x00000007c2a80000, 0x00000007eaa80000)
  object space 43520K, 85% used [0x00000007c0000000,0x00000007c24456f0,0x00000007c2a80000)
 PSPermGen       total 21504K, used 8162K [0x00000007bae00000, 0x00000007bc300000, 0x00000007c0000000)
  object space 21504K, 37% used [0x00000007bae00000,0x00000007bb5f8ae0,0x00000007bc300000)
Event: 2661.131 GC heap after
Heap after GC invocations=366 (full 0):
 PSYoungGen      total 19456K, used 32K [0x00000007eaa80000, 0x00000007f6000000, 0x0000000800000000)
  eden space 18944K, 0% used [0x00000007eaa80000,0x00000007eaa80000,0x00000007ebd00000)
  from space 512K, 6% used [0x00000007f5f80000,0x00000007f5f88000,0x00000007f6000000)
  to   space 512K, 0% used [0x00000007f5f00000,0x00000007f5f00000,0x00000007f5f80000)
 ParOldGen       total 43520K, used 37141K [0x00000007c0000000, 0x00000007c2a80000, 0x00000007eaa80000)
  object space 43520K, 85% used [0x00000007c0000000,0x00000007c24456f0,0x00000007c2a80000)
 PSPermGen       total 21504K, used 8162K [0x00000007bae00000, 0x00000007bc300000, 0x00000007c0000000)
  object space 21504K, 37% used [0x00000007bae00000,0x00000007bb5f8ae0,0x00000007bc300000)
}
Event: 2667.835 GC heap before
{Heap before GC invocations=367 (full 0):
 PSYoungGen      total 19456K, used 18976K [0x00000007eaa80000, 0x00000007f6000000, 0x0000000800000000)
  eden space 18944K, 100% used [0x00000007eaa80000,0x00000007ebd00000,0x00000007ebd00000)
  from space 512K, 6% used [0x00000007f5f80000,0x00000007f5f88000,0x00000007f6000000)
  to   space 512K, 0% used [0x00000007f5f00000,0x00000007f5f00000,0x00000007f5f80000)
 ParOldGen       total 43520K, used 37141K [0x00000007c0000000, 0x00000007c2a80000, 0x00000007eaa80000)
  object space 43520K, 85% used [0x00000007c0000000,0x00000007c24456f0,0x00000007c2a80000)
 PSPermGen       total 21504K, used 8162K [0x00000007bae00000, 0x00000007bc300000, 0x00000007c0000000)
  object space 21504K, 37% used [0x00000007bae00000,0x00000007bb5f8ae0,0x00000007bc300000)
Event: 2667.836 GC heap after
Heap after GC invocations=367 (full 0):
 PSYoungGen      total 19456K, used 32K [0x00000007eaa80000, 0x00000007f6000000, 0x0000000800000000)
  eden space 18944K, 0% used [0x00000007eaa80000,0x00000007eaa80000,0x00000007ebd00000)
  from space 512K, 6% used [0x00000007f5f00000,0x00000007f5f08000,0x00000007f5f80000)
  to   space 512K, 0% used [0x00000007f5f80000,0x00000007f5f80000,0x00000007f6000000)
 ParOldGen       total 43520K, used 37141K [0x00000007c0000000, 0x00000007c2a80000, 0x00000007eaa80000)
  object space 43520K, 85% used [0x00000007c0000000,0x00000007c24456f0,0x00000007c2a80000)
 PSPermGen       total 21504K, used 8162K [0x00000007bae00000, 0x00000007bc300000, 0x00000007c0000000)
  object space 21504K, 37% used [0x00000007bae00000,0x00000007bb5f8ae0,0x00000007bc300000)
}

Deoptimization events (10 events):
Event: 1189.752 Thread 0x00007f84c697b000 Uncommon trap: reason=bimorphic action=maybe_recompile pc=0x00000001098282b8 method=com.badlogic.gdx.backends.lwjgl.LwjglInput.processEvents()V @ 328
Event: 1189.767 Thread 0x00007f84c697b000 Uncommon trap: reason=bimorphic action=maybe_recompile pc=0x00000001098282b8 method=com.badlogic.gdx.backends.lwjgl.LwjglInput.processEvents()V @ 328
Event: 1189.784 Thread 0x00007f84c697b000 Uncommon trap: reason=bimorphic action=maybe_recompile pc=0x00000001098282b8 method=com.badlogic.gdx.backends.lwjgl.LwjglInput.processEvents()V @ 328
Event: 2115.918 Thread 0x00007f84c697b000 Uncommon trap: reason=unreached action=reinterpret pc=0x000000010971ee34 method=com.sturdyhelmetgames.roomforchange.entity.Entity.isFalling()Z @ 7
Event: 2115.919 Thread 0x00007f84c697b000 Uncommon trap: reason=unreached action=reinterpret pc=0x00000001097b8da8 method=com.sturdyhelmetgames.roomforchange.entity.Entity.isFalling()Z @ 7
Event: 2115.921 Thread 0x00007f84c697b000 Uncommon trap: reason=unreached action=reinterpret pc=0x00000001097c82d0 method=com.sturdyhelmetgames.roomforchange.entity.Entity.isFalling()Z @ 7
Event: 2115.936 Thread 0x00007f84c697b000 Uncommon trap: reason=unreached action=reinterpret pc=0x000000010982241c method=com.sturdyhelmetgames.roomforchange.entity.Entity.isFalling()Z @ 7
Event: 2115.953 Thread 0x00007f84c697b000 Uncommon trap: reason=unreached action=reinterpret pc=0x000000010981cf04 method=com.sturdyhelmetgames.roomforchange.entity.Entity.isFalling()Z @ 7
Event: 2172.524 Thread 0x00007f84c697b000 Uncommon trap: reason=bimorphic action=maybe_recompile pc=0x00000001097fdaf4 method=com.sturdyhelmetgames.roomforchange.entity.Entity.tryMove()V @ 153
Event: 2222.326 Thread 0x00007f84c697b000 Uncommon trap: reason=bimorphic action=maybe_recompile pc=0x00000001097fdaf4 method=com.sturdyhelmetgames.roomforchange.entity.Entity.tryMove()V @ 153

Internal exceptions (10 events):
Event: 64.965 Thread 0x00007f84c697b000 Threw 0x00000007eadc8c10 at /HUDSON/workspace/7u-2-build-macosx-x86_64/jdk7u79/2331/hotspot/src/share/vm/prims/jvm.cpp:1304
Event: 64.967 Thread 0x00007f84c697b000 Threw 0x00000007eadccd20 at /HUDSON/workspace/7u-2-build-macosx-x86_64/jdk7u79/2331/hotspot/src/share/vm/prims/jvm.cpp:1304
Event: 64.973 Thread 0x00007f84c697b000 Threw 0x00000007eadd65a8 at /HUDSON/workspace/7u-2-build-macosx-x86_64/jdk7u79/2331/hotspot/src/share/vm/prims/jvm.cpp:1304
Event: 64.974 Thread 0x00007f84c697b000 Threw 0x00000007eadd9fa8 at /HUDSON/workspace/7u-2-build-macosx-x86_64/jdk7u79/2331/hotspot/src/share/vm/prims/jvm.cpp:1304
Event: 64.975 Thread 0x00007f84c697b000 Threw 0x00000007eaddd9b0 at /HUDSON/workspace/7u-2-build-macosx-x86_64/jdk7u79/2331/hotspot/src/share/vm/prims/jvm.cpp:1304
Event: 67.413 Thread 0x00007f84c697b000 Threw 0x00000007eb0a8108 at /HUDSON/workspace/7u-2-build-macosx-x86_64/jdk7u79/2331/hotspot/src/share/vm/prims/jvm.cpp:1304
Event: 94.965 Thread 0x00007f84c697b000 Threw 0x00000007eae08fc8 at /HUDSON/workspace/7u-2-build-macosx-x86_64/jdk7u79/2331/hotspot/src/share/vm/prims/jvm.cpp:1304
Event: 722.783 Thread 0x00007f84c697b000 Threw 0x00000007ec0197d0 at /HUDSON/workspace/7u-2-build-macosx-x86_64/jdk7u79/2331/hotspot/src/share/vm/prims/jvm.cpp:1304
Event: 777.030 Thread 0x00007f84c697b000 Threw 0x00000007ed68f8f0 at /HUDSON/workspace/7u-2-build-macosx-x86_64/jdk7u79/2331/hotspot/src/share/vm/prims/jvm.cpp:1304
Event: 2118.933 Thread 0x00007f84c697b000 Threw 0x00000007eb135920 at /HUDSON/workspace/7u-2-build-macosx-x86_64/jdk7u79/2331/hotspot/src/share/vm/prims/jvm.cpp:1304

Events (10 events):
Event: 2672.289 loading class 0x000000010cd95050 done
Event: 2672.290 Thread 0x00007f84ca8b1800 Thread added: 0x00007f84ca8b1800
Event: 2672.297 loading class 0x00007f84c6841bb0
Event: 2672.308 loading class 0x00007f84c6841bb0 done
Event: 2672.309 loading class 0x00007f84c6841cf0
Event: 2672.310 loading class 0x00007f84c6841cf0 done
Event: 2672.311 Thread 0x00007f84c791f000 Thread added: 0x00007f84c791f000
Event: 2672.354 Thread 0x00007f84c6d9e800 Thread added: 0x00007f84c6d9e800
Event: 2672.370 Thread 0x00007f84c791f000 Thread exited: 0x00007f84c791f000
Event: 2672.402 Executing VM operation: Exit


Dynamic libraries:
0x000000001d48d000 	/System/Library/Frameworks/Cocoa.framework/Versions/A/Cocoa
0x000000001d48d000 	/System/Library/Frameworks/Security.framework/Versions/A/Security
0x000000001d48d000 	/System/Library/Frameworks/ApplicationServices.framework/Versions/A/ApplicationServices
0x000000001d48d000 	/usr/lib/libz.1.dylib
0x000000001d48d000 	/usr/lib/libSystem.B.dylib
0x000000001d48d000 	/usr/lib/libobjc.A.dylib
0x000000001d48d000 	/System/Library/Frameworks/CoreFoundation.framework/Versions/A/CoreFoundation
0x000000001d48d000 	/System/Library/Frameworks/Foundation.framework/Versions/C/Foundation
0x000000001d48d000 	/System/Library/Frameworks/AppKit.framework/Versions/C/AppKit
0x000000001d48d000 	/System/Library/Frameworks/CoreData.framework/Versions/A/CoreData
0x000000001d48d000 	/System/Library/PrivateFrameworks/RemoteViewServices.framework/Versions/A/RemoteViewServices
0x000000001d48d000 	/System/Library/PrivateFrameworks/UIFoundation.framework/Versions/A/UIFoundation
0x000000001d48d000 	/usr/lib/libenergytrace.dylib
0x000000001d48d000 	/System/Library/PrivateFrameworks/SkyLight.framework/Versions/A/SkyLight
0x000000001d48d000 	/System/Library/Frameworks/CoreGraphics.framework/Versions/A/CoreGraphics
0x000000001d48d000 	/usr/lib/libScreenReader.dylib
0x000000001d48d000 	/System/Library/Frameworks/Accelerate.framework/Versions/A/Accelerate
0x000000001d48d000 	/System/Library/Frameworks/IOSurface.framework/Versions/A/IOSurface
0x000000001d48d000 	/System/Library/Frameworks/AudioToolbox.framework/Versions/A/AudioToolbox
0x000000001d48d000 	/System/Library/Frameworks/AudioUnit.framework/Versions/A/AudioUnit
0x000000001d48d000 	/System/Library/PrivateFrameworks/DataDetectorsCore.framework/Versions/A/DataDetectorsCore
0x000000001d48d000 	/System/Library/PrivateFrameworks/DesktopServicesPriv.framework/Versions/A/DesktopServicesPriv
0x000000001d48d000 	/System/Library/Frameworks/Carbon.framework/Versions/A/Frameworks/HIToolbox.framework/Versions/A/HIToolbox
0x000000001d48d000 	/usr/lib/libicucore.A.dylib
0x000000001d48d000 	/System/Library/Frameworks/QuartzCore.framework/Versions/A/QuartzCore
0x000000001d48d000 	/System/Library/Frameworks/Carbon.framework/Versions/A/Frameworks/SpeechRecognition.framework/Versions/A/SpeechRecognition
0x000000001d48d000 	/usr/lib/libauto.dylib
0x000000001d48d000 	/usr/lib/libxml2.2.dylib
0x000000001d48d000 	/System/Library/PrivateFrameworks/CoreUI.framework/Versions/A/CoreUI
0x000000001d48d000 	/System/Library/Frameworks/CoreAudio.framework/Versions/A/CoreAudio
0x000000001d48d000 	/System/Library/Frameworks/DiskArbitration.framework/Versions/A/DiskArbitration
0x000000001d48d000 	/usr/lib/liblangid.dylib
0x000000001d48d000 	/System/Library/PrivateFrameworks/MultitouchSupport.framework/Versions/A/MultitouchSupport
0x000000001d48d000 	/System/Library/Frameworks/IOKit.framework/Versions/A/IOKit
0x000000001d48d000 	/usr/lib/libDiagnosticMessagesClient.dylib
0x000000001d48d000 	/System/Library/Frameworks/CoreServices.framework/Versions/A/CoreServices
0x000000001d48d000 	/System/Library/PrivateFrameworks/PerformanceAnalysis.framework/Versions/A/PerformanceAnalysis
0x000000001d48d000 	/System/Library/PrivateFrameworks/GenerationalStorage.framework/Versions/A/GenerationalStorage
0x000000001d48d000 	/System/Library/Frameworks/OpenGL.framework/Versions/A/OpenGL
0x000000001d48d000 	/System/Library/Frameworks/CoreImage.framework/Versions/A/CoreImage
0x000000001d48d000 	/System/Library/Frameworks/CoreText.framework/Versions/A/CoreText
0x000000001d48d000 	/System/Library/Frameworks/ImageIO.framework/Versions/A/ImageIO
0x000000001d48d000 	/System/Library/PrivateFrameworks/Backup.framework/Versions/A/Backup
0x000000001d48d000 	/usr/lib/libarchive.2.dylib
0x000000001d48d000 	/System/Library/Frameworks/CFNetwork.framework/Versions/A/CFNetwork
0x000000001d48d000 	/System/Library/Frameworks/SystemConfiguration.framework/Versions/A/SystemConfiguration
0x000000001d48d000 	/usr/lib/libCRFSuite.dylib
0x000000001d48d000 	/usr/lib/libc++.1.dylib
0x000000001d48d000 	/usr/lib/libc++abi.dylib
0x000000001d48d000 	/usr/lib/system/libcache.dylib
0x000000001d48d000 	/usr/lib/system/libcommonCrypto.dylib
0x000000001d48d000 	/usr/lib/system/libcompiler_rt.dylib
0x000000001d48d000 	/usr/lib/system/libcopyfile.dylib
0x000000001d48d000 	/usr/lib/system/libcorecrypto.dylib
0x000000001d48d000 	/usr/lib/system/libdispatch.dylib
0x000000001d48d000 	/usr/lib/system/libdyld.dylib
0x000000001d48d000 	/usr/lib/system/libkeymgr.dylib
0x000000001d48d000 	/usr/lib/system/liblaunch.dylib
0x000000001d48d000 	/usr/lib/system/libmacho.dylib
0x000000001d48d000 	/usr/lib/system/libquarantine.dylib
0x000000001d48d000 	/usr/lib/system/libremovefile.dylib
0x000000001d48d000 	/usr/lib/system/libsystem_asl.dylib
0x000000001d48d000 	/usr/lib/system/libsystem_blocks.dylib
0x000000001d48d000 	/usr/lib/system/libsystem_c.dylib
0x000000001d48d000 	/usr/lib/system/libsystem_configuration.dylib
0x000000001d48d000 	/usr/lib/system/libsystem_coreservices.dylib
0x000000001d48d000 	/usr/lib/system/libsystem_coretls.dylib
0x000000001d48d000 	/usr/lib/system/libsystem_dnssd.dylib
0x000000001d48d000 	/usr/lib/system/libsystem_info.dylib
0x000000001d48d000 	/usr/lib/system/libsystem_kernel.dylib
0x000000001d48d000 	/usr/lib/system/libsystem_m.dylib
0x000000001d48d000 	/usr/lib/system/libsystem_malloc.dylib
0x000000001d48d000 	/usr/lib/system/libsystem_network.dylib
0x000000001d48d000 	/usr/lib/system/libsystem_networkextension.dylib
0x000000001d48d000 	/usr/lib/system/libsystem_notify.dylib
0x000000001d48d000 	/usr/lib/system/libsystem_platform.dylib
0x000000001d48d000 	/usr/lib/system/libsystem_pthread.dylib
0x000000001d48d000 	/usr/lib/system/libsystem_sandbox.dylib
0x000000001d48d000 	/usr/lib/system/libsystem_secinit.dylib
0x000000001d48d000 	/usr/lib/system/libsystem_symptoms.dylib
0x000000001d48d000 	/usr/lib/system/libsystem_trace.dylib
0x000000001d48d000 	/usr/lib/system/libunwind.dylib
0x000000001d48d000 	/usr/lib/system/libxpc.dylib
0x000000001d48d000 	/usr/lib/libbsm.0.dylib
0x000000001d48d000 	/usr/lib/system/libkxld.dylib
0x000000001d48d000 	/usr/lib/libcoretls.dylib
0x000000001d48d000 	/usr/lib/libcoretls_cfhelpers.dylib
0x000000001d48d000 	/usr/lib/libxar.1.dylib
0x000000001d48d000 	/usr/lib/libsqlite3.dylib
0x000000001d48d000 	/usr/lib/libpam.2.dylib
0x000000001d48d000 	/usr/lib/libOpenScriptingUtil.dylib
0x000000001d48d000 	/usr/lib/libbz2.1.0.dylib
0x000000001d48d000 	/usr/lib/liblzma.5.dylib
0x000000001d48d000 	/usr/lib/libnetwork.dylib
0x000000001d48d000 	/usr/lib/libpcap.A.dylib
0x000000001d48d000 	/System/Library/Frameworks/CoreServices.framework/Versions/A/Frameworks/FSEvents.framework/Versions/A/FSEvents
0x000000001d48d000 	/System/Library/Frameworks/CoreServices.framework/Versions/A/Frameworks/CarbonCore.framework/Versions/A/CarbonCore
0x000000001d48d000 	/System/Library/Frameworks/CoreServices.framework/Versions/A/Frameworks/Metadata.framework/Versions/A/Metadata
0x000000001d48d000 	/System/Library/Frameworks/CoreServices.framework/Versions/A/Frameworks/OSServices.framework/Versions/A/OSServices
0x000000001d48d000 	/System/Library/Frameworks/CoreServices.framework/Versions/A/Frameworks/SearchKit.framework/Versions/A/SearchKit
0x000000001d48d000 	/System/Library/Frameworks/CoreServices.framework/Versions/A/Frameworks/AE.framework/Versions/A/AE
0x000000001d48d000 	/System/Library/Frameworks/CoreServices.framework/Versions/A/Frameworks/LaunchServices.framework/Versions/A/LaunchServices
0x000000001d48d000 	/System/Library/Frameworks/CoreServices.framework/Versions/A/Frameworks/DictionaryServices.framework/Versions/A/DictionaryServices
0x000000001d48d000 	/System/Library/Frameworks/CoreServices.framework/Versions/A/Frameworks/SharedFileList.framework/Versions/A/SharedFileList
0x000000001d48d000 	/System/Library/Frameworks/NetFS.framework/Versions/A/NetFS
0x000000001d48d000 	/System/Library/PrivateFrameworks/NetAuth.framework/Versions/A/NetAuth
0x000000001d48d000 	/System/Library/PrivateFrameworks/login.framework/Versions/A/Frameworks/loginsupport.framework/Versions/A/loginsupport
0x000000001d48d000 	/System/Library/PrivateFrameworks/TCC.framework/Versions/A/TCC
0x000000001d48d000 	/usr/lib/libmecabra.dylib
0x000000001d48d000 	/System/Library/Frameworks/ApplicationServices.framework/Versions/A/Frameworks/ATS.framework/Versions/A/ATS
0x000000001d48d000 	/System/Library/Frameworks/ApplicationServices.framework/Versions/A/Frameworks/ColorSync.framework/Versions/A/ColorSync
0x000000001d48d000 	/System/Library/Frameworks/ApplicationServices.framework/Versions/A/Frameworks/HIServices.framework/Versions/A/HIServices
0x000000001d48d000 	/System/Library/Frameworks/ApplicationServices.framework/Versions/A/Frameworks/LangAnalysis.framework/Versions/A/LangAnalysis
0x000000001d48d000 	/System/Library/Frameworks/ApplicationServices.framework/Versions/A/Frameworks/PrintCore.framework/Versions/A/PrintCore
0x000000001d48d000 	/System/Library/Frameworks/ApplicationServices.framework/Versions/A/Frameworks/QD.framework/Versions/A/QD
0x000000001d48d000 	/System/Library/Frameworks/ApplicationServices.framework/Versions/A/Frameworks/SpeechSynthesis.framework/Versions/A/SpeechSynthesis
0x000000001d48d000 	/System/Library/Frameworks/Accelerate.framework/Versions/A/Frameworks/vImage.framework/Versions/A/vImage
0x000000001d48d000 	/System/Library/Frameworks/Accelerate.framework/Versions/A/Frameworks/vecLib.framework/Versions/A/vecLib
0x000000001d48d000 	/System/Library/Frameworks/Accelerate.framework/Versions/A/Frameworks/vecLib.framework/Versions/A/libvDSP.dylib
0x000000001d48d000 	/System/Library/Frameworks/Accelerate.framework/Versions/A/Frameworks/vecLib.framework/Versions/A/libBNNS.dylib
0x000000001d48d000 	/System/Library/Frameworks/Accelerate.framework/Versions/A/Frameworks/vecLib.framework/Versions/A/libQuadrature.dylib
0x000000001d48d000 	/System/Library/Frameworks/Accelerate.framework/Versions/A/Frameworks/vecLib.framework/Versions/A/libvMisc.dylib
0x000000001d48d000 	/System/Library/Frameworks/Accelerate.framework/Versions/A/Frameworks/vecLib.framework/Versions/A/libLAPACK.dylib
0x000000001d48d000 	/System/Library/Frameworks/Accelerate.framework/Versions/A/Frameworks/vecLib.framework/Versions/A/libBLAS.dylib
0x000000001d48d000 	/System/Library/Frameworks/Accelerate.framework/Versions/A/Frameworks/vecLib.framework/Versions/A/libLinearAlgebra.dylib
0x000000001d48d000 	/System/Library/Frameworks/Accelerate.framework/Versions/A/Frameworks/vecLib.framework/Versions/A/libSparseBLAS.dylib
0x000000001d48d000 	/System/Library/Frameworks/ApplicationServices.framework/Versions/A/Frameworks/ATS.framework/Versions/A/Resources/libFontParser.dylib
0x000000001d48d000 	/System/Library/Frameworks/ApplicationServices.framework/Versions/A/Frameworks/ATS.framework/Versions/A/Resources/libFontRegistry.dylib
0x000000001d48d000 	/System/Library/Frameworks/ImageIO.framework/Versions/A/Resources/libJPEG.dylib
0x000000001d48d000 	/System/Library/Frameworks/ImageIO.framework/Versions/A/Resources/libTIFF.dylib
0x000000001d48d000 	/System/Library/Frameworks/ImageIO.framework/Versions/A/Resources/libPng.dylib
0x000000001d48d000 	/System/Library/Frameworks/ImageIO.framework/Versions/A/Resources/libGIF.dylib
0x000000001d48d000 	/System/Library/Frameworks/ImageIO.framework/Versions/A/Resources/libJP2.dylib
0x000000001d48d000 	/System/Library/Frameworks/ImageIO.framework/Versions/A/Resources/libRadiance.dylib
0x000000001d48d000 	/usr/lib/libcompression.dylib
0x000000001d48d000 	/System/Library/PrivateFrameworks/AppleJPEG.framework/Versions/A/AppleJPEG
0x000000001d48d000 	/usr/lib/libcups.2.dylib
0x000000001d48d000 	/System/Library/Frameworks/Kerberos.framework/Versions/A/Kerberos
0x000000001d48d000 	/System/Library/Frameworks/GSS.framework/Versions/A/GSS
0x000000001d48d000 	/usr/lib/libresolv.9.dylib
0x000000001d48d000 	/usr/lib/libiconv.2.dylib
0x000000001d48d000 	/System/Library/PrivateFrameworks/Heimdal.framework/Versions/A/Heimdal
0x000000001d48d000 	/usr/lib/libheimdal-asn1.dylib
0x000000001d48d000 	/System/Library/Frameworks/OpenDirectory.framework/Versions/A/OpenDirectory
0x000000001d48d000 	/System/Library/PrivateFrameworks/CommonAuth.framework/Versions/A/CommonAuth
0x000000001d48d000 	/System/Library/Frameworks/OpenDirectory.framework/Versions/A/Frameworks/CFOpenDirectory.framework/Versions/A/CFOpenDirectory
0x000000001d48d000 	/System/Library/Frameworks/SecurityFoundation.framework/Versions/A/SecurityFoundation
0x000000001d48d000 	/System/Library/PrivateFrameworks/LanguageModeling.framework/Versions/A/LanguageModeling
0x000000001d48d000 	/usr/lib/libmarisa.dylib
0x000000001d48d000 	/usr/lib/libChineseTokenizer.dylib
0x000000001d48d000 	/usr/lib/libcmph.dylib
0x000000001d48d000 	/System/Library/PrivateFrameworks/CoreEmoji.framework/Versions/A/CoreEmoji
0x000000001d48d000 	/System/Library/Frameworks/ServiceManagement.framework/Versions/A/ServiceManagement
0x000000001d48d000 	/usr/lib/libxslt.1.dylib
0x000000001d48d000 	/System/Library/Frameworks/Carbon.framework/Versions/A/Frameworks/Ink.framework/Versions/A/Ink
0x000000001d48d000 	/System/Library/PrivateFrameworks/TextureIO.framework/Versions/A/TextureIO
0x000000001d48d000 	/System/Library/Frameworks/Metal.framework/Versions/A/Metal
0x000000001d48d000 	/usr/lib/libate.dylib
0x000000001d48d000 	/System/Library/PrivateFrameworks/GPUCompiler.framework/libmetal_timestamp.dylib
0x000000001d48d000 	/System/Library/Frameworks/OpenGL.framework/Versions/A/Libraries/libCoreFSCache.dylib
0x000000001d48d000 	/System/Library/PrivateFrameworks/IOAccelerator.framework/Versions/A/IOAccelerator
0x000000001d48d000 	/System/Library/Frameworks/CoreVideo.framework/Versions/A/CoreVideo
0x000000001d48d000 	/usr/lib/libFosl_dynamic.dylib
0x000000001d48d000 	/System/Library/PrivateFrameworks/MetalPerformanceShaders.framework/Versions/A/MetalPerformanceShaders
0x000000001d48d000 	/System/Library/PrivateFrameworks/FaceCore.framework/Versions/A/FaceCore
0x000000001d48d000 	/System/Library/Frameworks/OpenCL.framework/Versions/A/OpenCL
0x000000001d48d000 	/System/Library/Frameworks/OpenGL.framework/Versions/A/Libraries/libGLU.dylib
0x000000001d48d000 	/System/Library/Frameworks/OpenGL.framework/Versions/A/Libraries/libGFXShared.dylib
0x000000001d48d000 	/System/Library/Frameworks/OpenGL.framework/Versions/A/Libraries/libGL.dylib
0x000000001d48d000 	/System/Library/Frameworks/OpenGL.framework/Versions/A/Libraries/libGLImage.dylib
0x000000001d48d000 	/System/Library/Frameworks/OpenGL.framework/Versions/A/Libraries/libCVMSPluginSupport.dylib
0x000000001d48d000 	/System/Library/Frameworks/OpenGL.framework/Versions/A/Libraries/libCoreVMClient.dylib
0x000000001d48d000 	/System/Library/PrivateFrameworks/CrashReporterSupport.framework/Versions/A/CrashReporterSupport
0x000000001d48d000 	/System/Library/PrivateFrameworks/Sharing.framework/Versions/A/Sharing
0x000000001d48d000 	/System/Library/PrivateFrameworks/IconServices.framework/Versions/A/IconServices
0x000000001d48d000 	/System/Library/PrivateFrameworks/ProtocolBuffer.framework/Versions/A/ProtocolBuffer
0x000000001d48d000 	/System/Library/PrivateFrameworks/Apple80211.framework/Versions/A/Apple80211
0x000000001d48d000 	/System/Library/Frameworks/CoreWLAN.framework/Versions/A/CoreWLAN
0x000000001d48d000 	/System/Library/PrivateFrameworks/CoreUtils.framework/Versions/A/CoreUtils
0x000000001d48d000 	/System/Library/Frameworks/IOBluetooth.framework/Versions/A/IOBluetooth
0x000000001d48d000 	/System/Library/PrivateFrameworks/CoreWiFi.framework/Versions/A/CoreWiFi
0x000000001d48d000 	/System/Library/Frameworks/CoreBluetooth.framework/Versions/A/CoreBluetooth
0x000000001d48d000 	/System/Library/Frameworks/CoreDisplay.framework/Versions/A/CoreDisplay
0x000000001d48d000 	/System/Library/PrivateFrameworks/IOPresentment.framework/Versions/A/IOPresentment
0x000000001d48d000 	/System/Library/PrivateFrameworks/DebugSymbols.framework/Versions/A/DebugSymbols
0x000000001d48d000 	/System/Library/PrivateFrameworks/CoreSymbolication.framework/Versions/A/CoreSymbolication
0x000000001d48d000 	/System/Library/PrivateFrameworks/Symbolication.framework/Versions/A/Symbolication
0x000000001d48d000 	/System/Library/PrivateFrameworks/AppleFSCompression.framework/Versions/A/AppleFSCompression
0x000000001d48d000 	/System/Library/PrivateFrameworks/SpeechRecognitionCore.framework/Versions/A/SpeechRecognitionCore
0x000000001d48d000 	/System/Library/PrivateFrameworks/ChunkingLibrary.framework/Versions/A/ChunkingLibrary
0x0000000108c00000 	/Library/Java/JavaVirtualMachines/jdk1.7.0_79.jdk/Contents/Home/jre/lib/server/libjvm.dylib
0x000000001d48d000 	/usr/lib/libstdc++.6.dylib
0x00000001083c5000 	/Library/Java/JavaVirtualMachines/jdk1.7.0_79.jdk/Contents/Home/jre/lib/libverify.dylib
0x0000000109663000 	/Library/Java/JavaVirtualMachines/jdk1.7.0_79.jdk/Contents/Home/jre/lib/libjava.dylib
0x00000001083dc000 	/Library/Java/JavaVirtualMachines/jdk1.7.0_79.jdk/Contents/Home/jre/lib/libzip.dylib
0x000000010dfdf000 	/System/Library/Frameworks/JavaVM.framework/Frameworks/JavaRuntimeSupport.framework/JavaRuntimeSupport
0x000000010dff9000 	/System/Library/Frameworks/JavaVM.framework/Versions/A/Frameworks/JavaNativeFoundation.framework/Versions/A/JavaNativeFoundation
0x000000010e00e000 	/System/Library/Frameworks/JavaVM.framework/Versions/A/JavaVM
0x000000001d48d000 	/System/Library/Frameworks/Carbon.framework/Versions/A/Carbon
0x000000010e01b000 	/System/Library/PrivateFrameworks/JavaLaunching.framework/Versions/A/JavaLaunching
0x000000001d48d000 	/System/Library/Frameworks/Carbon.framework/Versions/A/Frameworks/CommonPanels.framework/Versions/A/CommonPanels
0x000000001d48d000 	/System/Library/Frameworks/Carbon.framework/Versions/A/Frameworks/Help.framework/Versions/A/Help
0x000000001d48d000 	/System/Library/Frameworks/Carbon.framework/Versions/A/Frameworks/ImageCapture.framework/Versions/A/ImageCapture
0x000000001d48d000 	/System/Library/Frameworks/Carbon.framework/Versions/A/Frameworks/OpenScripting.framework/Versions/A/OpenScripting
0x000000001d48d000 	/System/Library/Frameworks/Carbon.framework/Versions/A/Frameworks/Print.framework/Versions/A/Print
0x000000001d48d000 	/System/Library/Frameworks/Carbon.framework/Versions/A/Frameworks/SecurityHI.framework/Versions/A/SecurityHI
0x000000011209e000 	/private/var/folders/zr/q2m507rx0gz8gq5rtwqhbzb40000gn/T/libgdxMatias/92bf976d/libgdx.dylib
0x000000011210d000 	/Library/Java/JavaVirtualMachines/jdk1.7.0_79.jdk/Contents/Home/jre/lib/libawt.dylib
0x00000001121bc000 	/Library/Java/JavaVirtualMachines/jdk1.7.0_79.jdk/Contents/Home/jre/lib/./libmlib_image.dylib
0x0000000112288000 	/Library/Java/JavaVirtualMachines/jdk1.7.0_79.jdk/Contents/Home/jre/lib/lwawt/liblwawt.dylib
0x000000011233e000 	/Library/Java/JavaVirtualMachines/jdk1.7.0_79.jdk/Contents/Home/jre/lib/libosxapp.dylib
0x000000001d48d000 	/System/Library/Frameworks/ExceptionHandling.framework/Versions/A/ExceptionHandling
0x000000001d48d000 	/System/Library/PrivateFrameworks/CoreServicesInternal.framework/Versions/A/CoreServicesInternal
0x000000001d48d000 	/System/Library/CoreServices/RawCamera.bundle/Contents/MacOS/RawCamera
0x000000001d48d000 	/System/Library/Frameworks/Accelerate.framework/Versions/A/Frameworks/vImage.framework/Versions/A/Libraries/libCGInterfaces.dylib
0x000000001d48d000 	/System/Library/Frameworks/ApplicationServices.framework/Versions/A/Frameworks/ATS.framework/Versions/A/Resources/libTrueTypeScaler.dylib
0x000000001d48d000 	/System/Library/Frameworks/OpenGL.framework/Versions/A/Resources/GLEngine.bundle/GLEngine
0x000000001d48d000 	/System/Library/Frameworks/OpenGL.framework/Versions/A/Libraries/libGLProgrammability.dylib
0x0000000113ca5000 	/System/Library/Extensions/AppleIntelHD4000GraphicsGLDriver.bundle/Contents/MacOS/AppleIntelHD4000GraphicsGLDriver
0x000000001d48d000 	/System/Library/PrivateFrameworks/GPUSupport.framework/Versions/A/Libraries/libGPUSupportMercury.dylib
0x000000001d48d000 	/System/Library/Frameworks/OpenGL.framework/Versions/A/Resources/GLRendererFloat.bundle/GLRendererFloat
0x000000001d48d000 	/System/Library/Frameworks/OpenCL.framework/Versions/A/Libraries/libcldcpuengine.dylib
0x000000001d48d000 	/usr/lib/libcrypto.0.9.8.dylib
0x000000001d48d000 	/System/Library/PrivateFrameworks/TrustEvaluationAgent.framework/Versions/A/TrustEvaluationAgent
0x000000011436b000 	/System/Library/Extensions/AppleIntelHD4000GraphicsMTLDriver.bundle/Contents/MacOS/AppleIntelHD4000GraphicsMTLDriver
0x000000001d48d000 	/System/Library/PrivateFrameworks/FamilyControls.framework/Versions/A/FamilyControls
0x000000001d48d000 	/System/Library/PrivateFrameworks/CommerceKit.framework/Versions/A/Frameworks/CommerceCore.framework/Versions/A/CommerceCore
0x000000001d48d000 	/System/Library/PrivateFrameworks/SystemAdministration.framework/Versions/A/SystemAdministration
0x000000001d48d000 	/System/Library/PrivateFrameworks/AppContainer.framework/Versions/A/AppContainer
0x000000001d48d000 	/System/Library/PrivateFrameworks/SecCodeWrapper.framework/Versions/A/SecCodeWrapper
0x000000001d48d000 	/System/Library/Frameworks/DirectoryService.framework/Versions/A/DirectoryService
0x000000001d48d000 	/System/Library/PrivateFrameworks/DiskImages.framework/Versions/A/DiskImages
0x000000001d48d000 	/System/Library/PrivateFrameworks/LoginUIKit.framework/Versions/A/Frameworks/LoginUICore.framework/Versions/A/LoginUICore
0x000000001d48d000 	/usr/lib/libCoreStorage.dylib
0x000000001d48d000 	/usr/lib/libcsfde.dylib
0x000000001d48d000 	/usr/lib/libodfde.dylib
0x000000001d48d000 	/System/Library/Frameworks/DiscRecording.framework/Versions/A/DiscRecording
0x000000001d48d000 	/usr/lib/libcurl.4.dylib
0x000000001d48d000 	/System/Library/PrivateFrameworks/MediaKit.framework/Versions/A/MediaKit
0x000000001d48d000 	/System/Library/PrivateFrameworks/ProtectedCloudStorage.framework/Versions/A/ProtectedCloudStorage
0x000000001d48d000 	/System/Library/PrivateFrameworks/EFILogin.framework/Versions/A/EFILogin
0x000000001d48d000 	/usr/lib/libutil.dylib
0x000000001d48d000 	/System/Library/Frameworks/LDAP.framework/Versions/A/LDAP
0x000000001d48d000 	/usr/lib/libsasl2.2.dylib
0x000000001d48d000 	/System/Library/PrivateFrameworks/CoreDaemon.framework/Versions/B/CoreDaemon
0x000000001d48d000 	/System/Library/PrivateFrameworks/AppleSRP.framework/Versions/A/AppleSRP
0x000000001d48d000 	/System/Library/PrivateFrameworks/APFS.framework/Versions/A/APFS
0x000000011566f000 	/Library/Java/JavaVirtualMachines/jdk1.7.0_79.jdk/Contents/Home/jre/lib/libfontmanager.dylib
0x00000001156d6000 	/private/var/folders/zr/q2m507rx0gz8gq5rtwqhbzb40000gn/T/libgdxMatias/75260a42/liblwjgl.jnilib
0x0000000112714000 	/Library/Java/JavaVirtualMachines/jdk1.7.0_79.jdk/Contents/Home/jre/lib/libjawt.dylib
0x0000000115751000 	/var/folders/zr/q2m507rx0gz8gq5rtwqhbzb40000gn/T/libgdxMatias/75260a42/openal.dylib
0x00000001157c0000 	/System/Library/Components/CoreAudio.component/Contents/MacOS/CoreAudio
0x00000001159bf000 	/System/Library/Extensions/AppleHDA.kext/Contents/PlugIns/AppleHDAHALPlugIn.bundle/Contents/MacOS/AppleHDAHALPlugIn
0x000000001d48d000 	/System/Library/PrivateFrameworks/ViewBridge.framework/Versions/A/ViewBridge
0x000000001d48d000 	/System/Library/PrivateFrameworks/XPCService.framework/Versions/A/XPCService
0x000000001d48d000 	/System/Library/PrivateFrameworks/AppSandbox.framework/Versions/A/AppSandbox
0x000000001d48d000 	/usr/lib/libsandbox.1.dylib
0x000000001d48d000 	/usr/lib/libMatch.1.dylib

